[debug] [2017-09-22T19:52:53.688Z] ----------------------------------------------------------------------
[debug] [2017-09-22T19:52:53.691Z] Command:       /Users/mendenajdov/.nvm/versions/node/v6.11.3/bin/node /Users/mendenajdov/.nvm/versions/node/v6.11.3/bin/firebase serve --only functions
[debug] [2017-09-22T19:52:53.691Z] CLI Version:   3.11.0
[debug] [2017-09-22T19:52:53.691Z] Platform:      darwin
[debug] [2017-09-22T19:52:53.691Z] Node Version:  v6.11.3
[debug] [2017-09-22T19:52:53.692Z] Time:          Fri Sep 22 2017 15:52:53 GMT-0400 (EDT)
[debug] [2017-09-22T19:52:53.692Z] ----------------------------------------------------------------------
[debug] 
[debug] [2017-09-22T19:52:53.708Z] > command requires scopes: ["email","openid","https://www.googleapis.com/auth/cloudplatformprojects.readonly","https://www.googleapis.com/auth/firebase","https://www.googleapis.com/auth/cloud-platform"]
[debug] [2017-09-22T19:52:53.708Z] > authorizing via signed-in user
[debug] [2017-09-22T19:52:53.710Z] >>> HTTP REQUEST GET https://admin.firebase.com/v1/projects/bibliofamilyfeud-2017  
 Fri Sep 22 2017 15:52:53 GMT-0400 (EDT)
[debug] [2017-09-22T19:52:54.040Z] <<< HTTP RESPONSE 200
[debug] [2017-09-22T19:52:54.041Z] >>> HTTP REQUEST GET https://admin.firebase.com/v1/database/bibliofamilyfeud-2017/tokens  
 Fri Sep 22 2017 15:52:54 GMT-0400 (EDT)
[debug] [2017-09-22T19:52:54.446Z] <<< HTTP RESPONSE 200
[info] 
[info] === Serving from '/Users/mendenajdov/Repos/family-feud'...
[info] 
[info] i  functions: Preparing to emulate functions.
[debug] [2017-09-22T19:52:54.823Z] >>> HTTP REQUEST GET https://appengine.googleapis.com/v1/apps/bibliofamilyfeud-2017  
 Fri Sep 22 2017 15:52:54 GMT-0400 (EDT)
[debug] [2017-09-22T19:52:54.823Z] >>> HTTP REQUEST GET https://apikeys.googleapis.com/v1/projects/bibliofamilyfeud-2017/apiKeys  
 Fri Sep 22 2017 15:52:54 GMT-0400 (EDT)
[debug] [2017-09-22T19:52:55.094Z] <<< HTTP RESPONSE 200
[debug] [2017-09-22T19:52:55.179Z] <<< HTTP RESPONSE 200
[info] ✔  functions: buzzIn: http://localhost:5002/bibliofamilyfeud-2017/us-central1/buzzIn
